{"file":"gateway/engine.go:48","level":"info","msg":"listen on: :8989","time":"2018-12-05T16:53:57+08:00"}
{"file":"gateway/engine.go:48","level":"info","msg":"listen on: :8989","time":"2018-12-05T16:54:39+08:00"}
{"file":"gateway/engine.go:49","level":"info","msg":"listen on: :8989","time":"2018-12-05T16:56:11+08:00"}
{"file":"gateway/engine.go:28","level":"info","msg":"new request recved","time":"2018-12-05T16:56:13+08:00"}
{"file":"gateway/engine.go:28","level":"info","msg":"new request recved","time":"2018-12-05T16:56:15+08:00"}
{"file":"gateway/engine.go:28","level":"info","msg":"new request recved","time":"2018-12-05T16:56:15+08:00"}
{"file":"gateway/engine.go:28","level":"info","msg":"new request recved","time":"2018-12-05T16:56:15+08:00"}
{"addr":":8989","file":"gateway/engine.go:52","level":"info","msg":"start listening","numPlugins":0,"time":"2018-12-05T16:58:19+08:00"}
{"addr":":8989","file":"gateway/engine.go:58","level":"info","msg":"start listening","numPlugins":1,"time":"2018-12-05T16:59:52+08:00"}
{"file":"gateway/engine.go:32","level":"info","msg":"new request recved","time":"2018-12-05T16:59:53+08:00"}
{"file":"utils/response.go:13","level":"info","msg":"\"proxy abort ok\"","time":"2018-12-05T16:59:53+08:00"}
{"file":"gateway/engine.go:32","level":"info","msg":"new request recved","time":"2018-12-05T16:59:55+08:00"}
{"file":"utils/response.go:13","level":"info","msg":"\"proxy abort ok\"","time":"2018-12-05T16:59:55+08:00"}
{"addr":":8989","file":"gateway/engine.go:58","level":"info","msg":"start listening","numPlugins":1,"time":"2018-12-05T17:00:15+08:00"}
{"file":"gateway/engine.go:32","level":"info","msg":"new request recved","time":"2018-12-05T17:00:16+08:00"}
{"addr":":8989","file":"gateway/engine.go:58","level":"info","msg":"start listening","numPlugins":1,"time":"2018-12-05T17:00:41+08:00"}
{"file":"gateway/engine.go:32","level":"info","msg":"new request recved","time":"2018-12-05T17:00:41+08:00"}
{"file":"utils/response.go:13","level":"info","msg":"\"could not handle with request, err: could not set error: hahah\"","time":"2018-12-05T17:00:41+08:00"}
{"addr":":8989","file":"gateway/engine.go:58","level":"info","msg":"start listening","numPlugins":1,"time":"2018-12-05T20:44:12+08:00"}
{"file":"gateway/engine.go:32","level":"info","msg":"new request recved","time":"2018-12-05T20:44:25+08:00"}
{"file":"utils/response.go:13","level":"info","msg":"\"/ Not Found!\"","time":"2018-12-05T20:44:25+08:00"}
{"file":"gateway/engine.go:32","level":"info","msg":"new request recved","time":"2018-12-05T20:44:40+08:00"}
{"file":"utils/response.go:13","level":"info","msg":"\"/ Not Found!\"","time":"2018-12-05T20:44:40+08:00"}
{"file":"gateway/engine.go:32","level":"info","msg":"new request recved","time":"2018-12-05T20:44:44+08:00"}
{"file":"utils/response.go:13","level":"info","msg":"\"Not Found\"","time":"2018-12-05T20:44:44+08:00"}
{"file":"gateway/engine.go:32","level":"info","msg":"new request recved","time":"2018-12-05T20:44:44+08:00"}
{"file":"utils/response.go:13","level":"info","msg":"\"Not Found\"","time":"2018-12-05T20:44:44+08:00"}
{"file":"gateway/engine.go:32","level":"info","msg":"new request recved","time":"2018-12-05T20:45:40+08:00"}
{"file":"utils/response.go:13","level":"info","msg":"\"Not Found\"","time":"2018-12-05T20:45:40+08:00"}
{"file":"gateway/engine.go:32","level":"info","msg":"new request recved","time":"2018-12-05T20:45:41+08:00"}
{"file":"utils/response.go:13","level":"info","msg":"\"Not Found\"","time":"2018-12-05T20:45:41+08:00"}
{"file":"gateway/engine.go:32","level":"info","msg":"new request recved","time":"2018-12-05T20:45:41+08:00"}
{"file":"utils/response.go:13","level":"info","msg":"\"Not Found\"","time":"2018-12-05T20:45:41+08:00"}
{"addr":":8989","file":"gateway/engine.go:58","level":"info","msg":"start listening","numPlugins":1,"time":"2018-12-05T20:48:06+08:00"}
{"file":"gateway/engine.go:32","level":"info","msg":"new request recved","time":"2018-12-05T20:48:07+08:00"}
{"file":"utils/response.go:13","level":"info","msg":"\"METHOD: GET; URI: /gw/srv2 Not Found\"","time":"2018-12-05T20:48:07+08:00"}
{"file":"proxy/proxy.go:75","level":"info","msg":"URI /gw/srv1_GET registered","time":"2018-12-05T20:49:40+08:00"}
{"file":"proxy/proxy.go:75","level":"info","msg":"URI /gw/srv2_GET registered","time":"2018-12-05T20:49:40+08:00"}
{"addr":":8989","file":"gateway/engine.go:58","level":"info","msg":"start listening","numPlugins":1,"time":"2018-12-05T20:49:40+08:00"}
{"file":"gateway/engine.go:32","level":"info","msg":"new request recved","time":"2018-12-05T20:50:21+08:00"}
{"file":"utils/response.go:13","level":"info","msg":"\"METHOD: GET; URI: /gw/srv2 Not Found\"","time":"2018-12-05T20:50:21+08:00"}
{"file":"gateway/engine.go:32","level":"info","msg":"new request recved","time":"2018-12-05T20:50:22+08:00"}
{"file":"utils/response.go:13","level":"info","msg":"\"METHOD: GET; URI: /gw/srv2 Not Found\"","time":"2018-12-05T20:50:22+08:00"}
{"file":"proxy/proxy.go:75","level":"info","msg":"URI /gw/srv1_GET registered","time":"2018-12-05T20:50:56+08:00"}
{"file":"proxy/proxy.go:75","level":"info","msg":"URI /gw/srv2_GET registered","time":"2018-12-05T20:50:56+08:00"}
{"addr":":8989","file":"gateway/engine.go:58","level":"info","msg":"start listening","numPlugins":1,"time":"2018-12-05T20:50:56+08:00"}
{"file":"gateway/engine.go:32","level":"info","msg":"new request recved","time":"2018-12-05T20:50:58+08:00"}
{"file":"utils/response.go:13","level":"info","msg":"\"GET /gw/srv2 / Not Found\"","time":"2018-12-05T20:50:58+08:00"}
{"file":"proxy/proxy.go:75","level":"info","msg":"URI /gw/srv1_GET registered","time":"2018-12-05T20:51:14+08:00"}
{"file":"proxy/proxy.go:75","level":"info","msg":"URI /gw/srv2_GET registered","time":"2018-12-05T20:51:14+08:00"}
{"addr":":8989","file":"gateway/engine.go:58","level":"info","msg":"start listening","numPlugins":1,"time":"2018-12-05T20:51:14+08:00"}
{"file":"gateway/engine.go:32","level":"info","msg":"new request recved","time":"2018-12-05T20:51:14+08:00"}
{"file":"utils/response.go:13","level":"info","msg":"\"GET /gw/srv2 error! tip: Not Found\"","time":"2018-12-05T20:51:14+08:00"}
{"file":"proxy/proxy.go:75","level":"info","msg":"URI /gw/srv1_GET registered","time":"2018-12-05T20:55:15+08:00"}
{"file":"proxy/proxy.go:75","level":"info","msg":"URI /gw/srv2_GET registered","time":"2018-12-05T20:55:15+08:00"}
{"addr":":8989","file":"gateway/engine.go:58","level":"info","msg":"start listening","numPlugins":1,"time":"2018-12-05T20:55:15+08:00"}
{"file":"gateway/engine.go:32","level":"info","msg":"new request recved","time":"2018-12-05T20:55:18+08:00"}
{"file":"utils/response.go:13","level":"info","msg":"GET /gw/srv2 error! tip: Not Found","time":"2018-12-05T20:55:18+08:00"}
{"file":"proxy/proxy.go:75","level":"info","msg":"URI /gw/srv1_GET registered","time":"2018-12-05T20:56:29+08:00"}
{"file":"proxy/proxy.go:78","level":"info","msg":"URI /gw/srv1_GET not found !!!!!","time":"2018-12-05T20:56:29+08:00"}
{"file":"proxy/proxy.go:75","level":"info","msg":"URI /gw/srv2_GET registered","time":"2018-12-05T20:56:29+08:00"}
{"file":"proxy/proxy.go:78","level":"info","msg":"URI /gw/srv2_GET not found !!!!!","time":"2018-12-05T20:56:29+08:00"}
{"addr":":8989","file":"gateway/engine.go:58","level":"info","msg":"start listening","numPlugins":1,"time":"2018-12-05T20:56:29+08:00"}
{"file":"proxy/proxy.go:77","level":"info","msg":"URI /gw/srv1_GET registered","time":"2018-12-05T21:03:38+08:00"}
{"file":"proxy/proxy.go:77","level":"info","msg":"URI /gw/srv2_GET registered","time":"2018-12-05T21:03:38+08:00"}
{"addr":":8989","file":"gateway/engine.go:58","level":"info","msg":"start listening","numPlugins":1,"time":"2018-12-05T21:03:38+08:00"}
{"file":"gateway/engine.go:32","level":"info","msg":"new request recved","time":"2018-12-05T21:03:39+08:00"}
{"file":"utils/response.go:13","level":"info","msg":"GET /gw/srv2 error! tip: Not Found","time":"2018-12-05T21:03:39+08:00"}
{"file":"gateway/engine.go:32","level":"info","msg":"new request recved","time":"2018-12-05T21:03:41+08:00"}
{"file":"utils/response.go:13","level":"info","msg":"GET /gw/srv2 error! tip: Not Found","time":"2018-12-05T21:03:41+08:00"}
{"file":"proxy/proxy.go:77","level":"info","msg":"URI /gw/srv1_GET registered","time":"2018-12-05T21:04:36+08:00"}
{"file":"proxy/proxy.go:77","level":"info","msg":"URI /gw/srv2_GET registered","time":"2018-12-05T21:04:36+08:00"}
{"addr":":8989","file":"gateway/engine.go:58","level":"info","msg":"start listening","numPlugins":1,"time":"2018-12-05T21:04:36+08:00"}
{"file":"gateway/engine.go:32","level":"info","msg":"new request recved","time":"2018-12-05T21:04:38+08:00"}
{"file":"proxy/proxy.go:77","level":"info","msg":"URI /gw/srv1_GET registered","time":"2018-12-05T21:32:10+08:00"}
{"file":"proxy/proxy.go:77","level":"info","msg":"URI /gw/srv2_GET registered","time":"2018-12-05T21:32:10+08:00"}
{"addr":":8989","file":"gateway/engine.go:58","level":"info","msg":"start listening","numPlugins":2,"time":"2018-12-05T21:32:10+08:00"}
{"file":"gateway/engine.go:32","level":"info","msg":"new request recved","time":"2018-12-05T21:32:16+08:00"}
{"clientIP":"127.0.0.1:51945","file":"httplog/log.go:76","latency":3375601,"level":"info","method":"GET","msg":"request handled!","path":"/gw/srv2","requestForm":{},"responseBody":"[123 34 100 97 116 97 34 58 34 116 104 105 115 32 105 115 32 115 101 114 118 101 114 32 50 34 44 34 99 111 100 101 34 58 48 125]","statusCode":0,"time":"2018-12-05T21:32:16+08:00"}
{"file":"proxy/proxy.go:77","level":"info","msg":"URI /gw/srv1_GET registered","time":"2018-12-05T21:34:20+08:00"}
{"file":"proxy/proxy.go:77","level":"info","msg":"URI /gw/srv2_GET registered","time":"2018-12-05T21:34:20+08:00"}
{"addr":":8989","file":"gateway/engine.go:58","level":"info","msg":"start listening","numPlugins":2,"time":"2018-12-05T21:34:20+08:00"}
{"file":"gateway/engine.go:32","level":"info","msg":"new request recved","time":"2018-12-05T21:34:24+08:00"}
{"file":"httplog/log.go:66","level":"info","msg":"[Request] 2018/12/05 - 21:34:24 |  0|    3.094943ms | 127.0.0.1:52008 |GET     /gw/srv2","requestForm":{},"responseBody":"[123 34 100 97 116 97 34 58 34 116 104 105 115 32 105 115 32 115 101 114 118 101 114 32 50 34 44 34 99 111 100 101 34 58 48 125]","time":"2018-12-05T21:34:24+08:00"}
{"file":"proxy/proxy.go:77","level":"info","msg":"URI /gw/srv1_GET registered","time":"2018-12-05T21:40:02+08:00"}
{"file":"proxy/proxy.go:77","level":"info","msg":"URI /gw/srv2_GET registered","time":"2018-12-05T21:40:02+08:00"}
{"addr":":8989","file":"gateway/engine.go:58","level":"info","msg":"start listening","numPlugins":2,"time":"2018-12-05T21:40:02+08:00"}
{"file":"gateway/engine.go:32","level":"info","msg":"new request recved","time":"2018-12-05T21:40:04+08:00"}
{"file":"proxy/proxy.go:100","level":"info","msg":"proxy to /gw/srv2_0","time":"2018-12-05T21:40:04+08:00"}
{"file":"httplog/log.go:49","level":"info","msg":"[Request] 2018/12/05 - 21:40:04 |  0|    3.961909ms | 127.0.0.1:52196 |GET     /gw/srv2","requestForm":null,"responseBody":"[123 34 100 97 116 97 34 58 34 116 104 105 115 32 105 115 32 115 101 114 118 101 114 32 50 34 44 34 99 111 100 101 34 58 48 125]","time":"2018-12-05T21:40:04+08:00"}
{"file":"gateway/engine.go:32","level":"info","msg":"new request recved","time":"2018-12-05T21:42:44+08:00"}
{"file":"utils/response.go:13","level":"info","msg":"GET / error! tip: Not Found","time":"2018-12-05T21:42:44+08:00"}
{"file":"httplog/log.go:49","level":"info","msg":"[Request] 2018/12/05 - 21:42:44 |  0|     185.236µs | 127.0.0.1:52281 |GET     /","requestForm":null,"responseBody":"GET / error! tip: Not Found","time":"2018-12-05T21:42:44+08:00"}
{"file":"gateway/engine.go:32","level":"info","msg":"new request recved","time":"2018-12-05T21:42:47+08:00"}
{"file":"proxy/proxy.go:100","level":"info","msg":"proxy to /gw/srv2_0","time":"2018-12-05T21:42:47+08:00"}
{"file":"httplog/log.go:49","level":"info","msg":"[Request] 2018/12/05 - 21:42:47 |  0|    1.609735ms | 127.0.0.1:52281 |GET     /gw/srv2","requestForm":null,"responseBody":"{\"data\":\"this is server 2\",\"code\":0}","time":"2018-12-05T21:42:47+08:00"}
{"file":"gateway/engine.go:32","level":"info","msg":"new request recved","time":"2018-12-05T21:42:48+08:00"}
{"file":"proxy/proxy.go:100","level":"info","msg":"proxy to /gw/srv2_0","time":"2018-12-05T21:42:48+08:00"}
{"file":"httplog/log.go:49","level":"info","msg":"[Request] 2018/12/05 - 21:42:48 |  0|     527.291µs | 127.0.0.1:52281 |GET     /gw/srv2","requestForm":null,"responseBody":"{\"data\":\"this is server 2\",\"code\":0}","time":"2018-12-05T21:42:48+08:00"}
{"file":"gateway/engine.go:32","level":"info","msg":"new request recved","time":"2018-12-05T21:43:50+08:00"}
{"file":"proxy/proxy.go:100","level":"info","msg":"proxy to /gw/srv2_0","time":"2018-12-05T21:43:50+08:00"}
{"file":"gateway/engine.go:32","level":"info","msg":"new request recved","time":"2018-12-05T21:43:50+08:00"}
{"file":"proxy/proxy.go:100","level":"info","msg":"proxy to /gw/srv2_0","time":"2018-12-05T21:43:50+08:00"}
{"file":"gateway/engine.go:32","level":"info","msg":"new request recved","time":"2018-12-05T21:43:50+08:00"}
{"file":"proxy/proxy.go:100","level":"info","msg":"proxy to /gw/srv2_0","time":"2018-12-05T21:43:50+08:00"}
{"file":"gateway/engine.go:32","level":"info","msg":"new request recved","time":"2018-12-05T21:43:54+08:00"}
{"file":"proxy/proxy.go:100","level":"info","msg":"proxy to /gw/srv2_0","time":"2018-12-05T21:43:54+08:00"}
{"file":"gateway/engine.go:32","level":"info","msg":"new request recved","time":"2018-12-05T21:43:54+08:00"}
{"file":"proxy/proxy.go:100","level":"info","msg":"proxy to /gw/srv2_0","time":"2018-12-05T21:43:54+08:00"}
{"file":"gateway/engine.go:32","level":"info","msg":"new request recved","time":"2018-12-05T21:43:54+08:00"}
{"file":"proxy/proxy.go:100","level":"info","msg":"proxy to /gw/srv2_0","time":"2018-12-05T21:43:54+08:00"}
{"file":"proxy/proxy.go:77","level":"info","msg":"URI /gw/srv1_GET registered","time":"2018-12-05T21:44:46+08:00"}
{"file":"proxy/proxy.go:77","level":"info","msg":"URI /gw/srv2_GET registered","time":"2018-12-05T21:44:46+08:00"}
{"addr":":8989","file":"gateway/engine.go:58","level":"info","msg":"start listening","numPlugins":2,"time":"2018-12-05T21:44:46+08:00"}
{"file":"gateway/engine.go:32","level":"info","msg":"new request recved","time":"2018-12-05T21:44:53+08:00"}
{"file":"proxy/proxy.go:100","level":"info","msg":"proxy to /gw/srv2_0","time":"2018-12-05T21:44:53+08:00"}
{"file":"gateway/engine.go:32","level":"info","msg":"new request recved","time":"2018-12-05T21:44:53+08:00"}
{"file":"proxy/proxy.go:100","level":"info","msg":"proxy to /gw/srv2_0","time":"2018-12-05T21:44:53+08:00"}
{"file":"gateway/engine.go:32","level":"info","msg":"new request recved","time":"2018-12-05T21:44:53+08:00"}
{"file":"proxy/proxy.go:100","level":"info","msg":"proxy to /gw/srv2_0","time":"2018-12-05T21:44:53+08:00"}
{"file":"gateway/engine.go:32","level":"info","msg":"new request recved","time":"2018-12-05T21:46:03+08:00"}
{"file":"utils/response.go:13","level":"info","msg":"GET / error! tip: Not Found","time":"2018-12-05T21:46:03+08:00"}
{"file":"httplog/log.go:49","level":"info","msg":"[Request] 2018/12/05 - 21:46:03 |  0|      98.283µs | 127.0.0.1:52352 |GET     /","requestForm":null,"responseBody":"GET / error! tip: Not Found","time":"2018-12-05T21:46:03+08:00"}
{"file":"proxy/proxy.go:77","level":"info","msg":"URI /gw/srv1_GET registered","time":"2018-12-05T21:47:10+08:00"}
{"file":"proxy/proxy.go:77","level":"info","msg":"URI /gw/srv2_GET registered","time":"2018-12-05T21:47:10+08:00"}
{"addr":":8989","file":"gateway/engine.go:58","level":"info","msg":"start listening","numPlugins":1,"time":"2018-12-05T21:47:10+08:00"}
{"file":"gateway/engine.go:32","level":"info","msg":"new request recved","time":"2018-12-05T21:47:13+08:00"}
{"file":"proxy/proxy.go:100","level":"info","msg":"proxy to /gw/srv2_0","time":"2018-12-05T21:47:13+08:00"}
{"file":"gateway/engine.go:32","level":"info","msg":"new request recved","time":"2018-12-05T21:47:13+08:00"}
{"file":"utils/response.go:13","level":"info","msg":"GET /favicon.ico error! tip: Not Found","time":"2018-12-05T21:47:13+08:00"}
{"file":"gateway/engine.go:32","level":"info","msg":"new request recved","time":"2018-12-05T21:47:17+08:00"}
{"file":"proxy/proxy.go:100","level":"info","msg":"proxy to /gw/srv2_0","time":"2018-12-05T21:47:17+08:00"}
{"file":"proxy/proxy.go:77","level":"info","msg":"URI /gw/srv1_GET registered","time":"2018-12-05T21:48:32+08:00"}
{"file":"proxy/proxy.go:77","level":"info","msg":"URI /gw/srv2_GET registered","time":"2018-12-05T21:48:32+08:00"}
{"addr":":8989","file":"gateway/engine.go:58","level":"info","msg":"start listening","numPlugins":2,"time":"2018-12-05T21:48:32+08:00"}
{"file":"gateway/engine.go:32","level":"info","msg":"new request recved","time":"2018-12-05T21:48:33+08:00"}
{"file":"proxy/proxy.go:100","level":"info","msg":"proxy to /gw/srv2_0","time":"2018-12-05T21:48:33+08:00"}
{"file":"httplog/log.go:49","level":"info","msg":"[Request] 2018/12/05 - 21:48:33 |  0|    4.306761ms | 127.0.0.1:52422 |GET     /gw/srv2","requestForm":{"params":["1"]},"responseBody":"{\"data\":\"this is server 2\",\"code\":0}","time":"2018-12-05T21:48:33+08:00"}
