{"file":"proxy/proxy.go:77","level":"info","msg":"URI /gw/srv1_GET registered","time":"2018-12-06T10:21:58+08:00"}
{"file":"proxy/proxy.go:77","level":"info","msg":"URI /gw/srv2_GET registered","time":"2018-12-06T10:21:58+08:00"}
{"addr":":8989","file":"gateway/engine.go:77","level":"info","msg":"start listening","numPlugins":2,"time":"2018-12-06T10:21:58+08:00"}
{"file":"proxy/proxy.go:77","level":"info","msg":"URI /gw/srv1_GET registered","time":"2018-12-06T10:22:37+08:00"}
{"file":"proxy/proxy.go:77","level":"info","msg":"URI /gw/srv2_GET registered","time":"2018-12-06T10:22:37+08:00"}
{"addr":":8989","file":"gateway/engine.go:77","level":"info","msg":"start listening","numPlugins":2,"time":"2018-12-06T10:22:37+08:00"}
{"file":"proxy/proxy.go:77","level":"info","msg":"URI /gw/srv1_GET registered","time":"2018-12-06T10:25:51+08:00"}
{"file":"proxy/proxy.go:77","level":"info","msg":"URI /gw/srv2_GET registered","time":"2018-12-06T10:25:51+08:00"}
{"addr":":8989","file":"gateway/engine.go:77","level":"info","msg":"start listening","numPlugins":2,"time":"2018-12-06T10:25:51+08:00"}
{"file":"proxy/proxy.go:77","level":"info","msg":"URI /gw/srv1_GET registered","time":"2018-12-06T10:29:16+08:00"}
{"file":"proxy/proxy.go:77","level":"info","msg":"URI /gw/srv2_GET registered","time":"2018-12-06T10:29:16+08:00"}
{"addr":":8989","file":"gateway/engine.go:82","level":"info","msg":"start listening","numPlugins":2,"prefix":"/api/","time":"2018-12-06T10:29:16+08:00"}
{"file":"proxy/proxy.go:77","level":"info","msg":"URI /gw/srv1_GET registered","time":"2018-12-06T10:32:58+08:00"}
{"file":"proxy/proxy.go:77","level":"info","msg":"URI /gw/srv2_GET registered","time":"2018-12-06T10:32:58+08:00"}
{"addr":":8989","file":"gateway/engine.go:82","level":"info","msg":"start listening","numPlugins":2,"prefix":"/api/","time":"2018-12-06T10:32:58+08:00"}
{"file":"proxy/proxy.go:77","level":"info","msg":"URI /gw/srv1_GET registered","time":"2018-12-06T10:36:40+08:00"}
{"file":"proxy/proxy.go:77","level":"info","msg":"URI /gw/srv2_GET registered","time":"2018-12-06T10:36:40+08:00"}
{"addr":":8989","file":"gateway/engine.go:82","level":"info","msg":"start listening","numPlugins":2,"prefix":"/api/","time":"2018-12-06T10:36:40+08:00"}
{"file":"proxy/proxy.go:77","level":"info","msg":"URI /gw/srv1_GET registered","time":"2018-12-06T10:40:10+08:00"}
{"file":"proxy/proxy.go:77","level":"info","msg":"URI /gw/srv2_GET registered","time":"2018-12-06T10:40:10+08:00"}
{"addr":":8989","file":"gateway/engine.go:82","level":"info","msg":"start listening","numPlugins":2,"prefix":"/api/","time":"2018-12-06T10:40:10+08:00"}
{"file":"proxy/proxy.go:77","level":"info","msg":"URI /gw/srv1_GET registered","time":"2018-12-06T10:48:46+08:00"}
{"file":"proxy/proxy.go:77","level":"info","msg":"URI /gw/srv2_GET registered","time":"2018-12-06T10:48:46+08:00"}
{"addr":":8989","file":"gateway/engine.go:82","level":"info","msg":"start listening","numPlugins":2,"prefix":"/api/","time":"2018-12-06T10:48:46+08:00"}
{"file":"gateway/engine.go:48","level":"info","msg":"new request recved","time":"2018-12-06T10:48:49+08:00"}
{"file":"utils/response.go:13","level":"info","msg":"GET gw/srv1 error! tip: Not Found","time":"2018-12-06T10:48:49+08:00"}
{"file":"httplog/log.go:50","level":"info","msg":"[Request] 2018/12/06 - 10:48:49 |  0|     126.611µs | 127.0.0.1:55270 |GET     gw/srv1","requestForm":{},"responseBody":"GET gw/srv1 error! tip: Not Found","time":"2018-12-06T10:48:49+08:00"}
{"file":"gateway/engine.go:48","level":"info","msg":"new request recved","time":"2018-12-06T10:48:55+08:00"}
{"file":"utils/response.go:13","level":"info","msg":"GET  error! tip: Not Found","time":"2018-12-06T10:48:55+08:00"}
{"file":"httplog/log.go:50","level":"info","msg":"[Request] 2018/12/06 - 10:48:55 |  0|      81.225µs | 127.0.0.1:55270 |GET     ","requestForm":{},"responseBody":"GET  error! tip: Not Found","time":"2018-12-06T10:48:55+08:00"}
{"file":"gateway/engine.go:48","level":"info","msg":"new request recved","time":"2018-12-06T10:49:07+08:00"}
{"file":"utils/response.go:13","level":"info","msg":"GET gw/srv1 error! tip: Not Found","time":"2018-12-06T10:49:07+08:00"}
{"file":"httplog/log.go:50","level":"info","msg":"[Request] 2018/12/06 - 10:49:07 |  0|     104.571µs | 127.0.0.1:55270 |GET     gw/srv1","requestForm":{},"responseBody":"GET gw/srv1 error! tip: Not Found","time":"2018-12-06T10:49:07+08:00"}
{"file":"gateway/engine.go:48","level":"info","msg":"new request recved","time":"2018-12-06T10:49:09+08:00"}
{"file":"utils/response.go:13","level":"info","msg":"GET gw/srv1 error! tip: Not Found","time":"2018-12-06T10:49:09+08:00"}
{"file":"httplog/log.go:50","level":"info","msg":"[Request] 2018/12/06 - 10:49:09 |  0|      91.164µs | 127.0.0.1:55270 |GET     gw/srv1","requestForm":{},"responseBody":"GET gw/srv1 error! tip: Not Found","time":"2018-12-06T10:49:09+08:00"}
{"file":"gateway/engine.go:48","level":"info","msg":"new request recved","time":"2018-12-06T10:49:21+08:00"}
{"file":"utils/response.go:13","level":"info","msg":"GET gw/srv1 error! tip: Not Found","time":"2018-12-06T10:49:21+08:00"}
{"file":"httplog/log.go:50","level":"info","msg":"[Request] 2018/12/06 - 10:49:21 |  0|     129.639µs | 127.0.0.1:55270 |GET     gw/srv1","requestForm":{},"responseBody":"GET gw/srv1 error! tip: Not Found","time":"2018-12-06T10:49:21+08:00"}
{"file":"gateway/engine.go:48","level":"info","msg":"new request recved","time":"2018-12-06T10:49:21+08:00"}
{"file":"utils/response.go:13","level":"info","msg":"GET gw/srv error! tip: Not Found","time":"2018-12-06T10:49:21+08:00"}
{"file":"httplog/log.go:50","level":"info","msg":"[Request] 2018/12/06 - 10:49:21 |  0|      68.453µs | 127.0.0.1:55270 |GET     gw/srv","requestForm":{},"responseBody":"GET gw/srv error! tip: Not Found","time":"2018-12-06T10:49:21+08:00"}
{"file":"gateway/engine.go:48","level":"info","msg":"new request recved","time":"2018-12-06T10:49:24+08:00"}
{"file":"utils/response.go:13","level":"info","msg":"GET gw/srv1 error! tip: Not Found","time":"2018-12-06T10:49:24+08:00"}
{"file":"httplog/log.go:50","level":"info","msg":"[Request] 2018/12/06 - 10:49:24 |  0|      92.862µs | 127.0.0.1:55270 |GET     gw/srv1","requestForm":{},"responseBody":"GET gw/srv1 error! tip: Not Found","time":"2018-12-06T10:49:24+08:00"}
{"file":"gateway/engine.go:48","level":"info","msg":"new request recved","time":"2018-12-06T10:49:25+08:00"}
{"file":"utils/response.go:13","level":"info","msg":"GET  error! tip: Not Found","time":"2018-12-06T10:49:25+08:00"}
{"file":"httplog/log.go:50","level":"info","msg":"[Request] 2018/12/06 - 10:49:25 |  0|      73.181µs | 127.0.0.1:55270 |GET     ","requestForm":{},"responseBody":"GET  error! tip: Not Found","time":"2018-12-06T10:49:25+08:00"}
{"file":"gateway/engine.go:48","level":"info","msg":"new request recved","time":"2018-12-06T10:49:25+08:00"}
{"file":"utils/response.go:13","level":"info","msg":"GET gw/srv1 error! tip: Not Found","time":"2018-12-06T10:49:25+08:00"}
{"file":"httplog/log.go:50","level":"info","msg":"[Request] 2018/12/06 - 10:49:25 |  0|      81.781µs | 127.0.0.1:55270 |GET     gw/srv1","requestForm":{},"responseBody":"GET gw/srv1 error! tip: Not Found","time":"2018-12-06T10:49:25+08:00"}
{"file":"proxy/proxy.go:77","level":"info","msg":"URI /gw/srv1_GET registered","time":"2018-12-06T10:50:14+08:00"}
{"file":"proxy/proxy.go:77","level":"info","msg":"URI /gw/srv2_GET registered","time":"2018-12-06T10:50:14+08:00"}
{"addr":":8989","file":"gateway/engine.go:82","level":"info","msg":"start listening","numPlugins":2,"prefix":"/api/","time":"2018-12-06T10:50:14+08:00"}
{"file":"gateway/engine.go:48","level":"info","msg":"new request recved","time":"2018-12-06T10:50:25+08:00"}
{"file":"utils/response.go:13","level":"info","msg":"GET gw/srv1 error! tip: Not Found","time":"2018-12-06T10:50:25+08:00"}
{"file":"httplog/log.go:50","level":"info","msg":"[Request] 2018/12/06 - 10:50:25 |  0|     131.525µs | 127.0.0.1:55296 |GET     gw/srv1","requestForm":{},"responseBody":"GET gw/srv1 error! tip: Not Found","time":"2018-12-06T10:50:25+08:00"}
{"file":"gateway/engine.go:48","level":"info","msg":"new request recved","time":"2018-12-06T10:50:26+08:00"}
{"file":"utils/response.go:13","level":"info","msg":"GET  error! tip: Not Found","time":"2018-12-06T10:50:26+08:00"}
{"file":"httplog/log.go:50","level":"info","msg":"[Request] 2018/12/06 - 10:50:26 |  0|      86.633µs | 127.0.0.1:55296 |GET     ","requestForm":{},"responseBody":"GET  error! tip: Not Found","time":"2018-12-06T10:50:26+08:00"}
{"file":"gateway/engine.go:48","level":"info","msg":"new request recved","time":"2018-12-06T10:50:28+08:00"}
{"file":"utils/response.go:13","level":"info","msg":"GET gw/srv1 error! tip: Not Found","time":"2018-12-06T10:50:28+08:00"}
{"file":"httplog/log.go:50","level":"info","msg":"[Request] 2018/12/06 - 10:50:28 |  0|      75.733µs | 127.0.0.1:55296 |GET     gw/srv1","requestForm":{},"responseBody":"GET gw/srv1 error! tip: Not Found","time":"2018-12-06T10:50:28+08:00"}
{"file":"gateway/engine.go:48","level":"info","msg":"new request recved","time":"2018-12-06T10:50:31+08:00"}
{"file":"utils/response.go:13","level":"info","msg":"GET gw/srv error! tip: Not Found","time":"2018-12-06T10:50:31+08:00"}
{"file":"httplog/log.go:50","level":"info","msg":"[Request] 2018/12/06 - 10:50:31 |  0|      91.611µs | 127.0.0.1:55296 |GET     gw/srv","requestForm":{},"responseBody":"GET gw/srv error! tip: Not Found","time":"2018-12-06T10:50:31+08:00"}
{"file":"gateway/engine.go:48","level":"info","msg":"new request recved","time":"2018-12-06T10:50:32+08:00"}
{"file":"utils/response.go:13","level":"info","msg":"GET gw/srv2 error! tip: Not Found","time":"2018-12-06T10:50:32+08:00"}
{"file":"httplog/log.go:50","level":"info","msg":"[Request] 2018/12/06 - 10:50:32 |  0|      75.331µs | 127.0.0.1:55296 |GET     gw/srv2","requestForm":{},"responseBody":"GET gw/srv2 error! tip: Not Found","time":"2018-12-06T10:50:32+08:00"}
{"file":"proxy/proxy.go:77","level":"info","msg":"URI /gw/srv1_GET registered","time":"2018-12-06T10:51:00+08:00"}
{"file":"proxy/proxy.go:77","level":"info","msg":"URI /gw/srv2_GET registered","time":"2018-12-06T10:51:00+08:00"}
{"addr":":8989","file":"gateway/engine.go:82","level":"info","msg":"start listening","numPlugins":2,"prefix":"/api","time":"2018-12-06T10:51:00+08:00"}
{"file":"proxy/proxy.go:77","level":"info","msg":"URI /gw/srv1_GET registered","time":"2018-12-06T10:51:54+08:00"}
{"file":"proxy/proxy.go:77","level":"info","msg":"URI /gw/srv2_GET registered","time":"2018-12-06T10:51:54+08:00"}
{"addr":":8989","file":"gateway/engine.go:83","level":"info","msg":"start listening","numPlugins":2,"prefix":"/api/","time":"2018-12-06T10:51:54+08:00"}
{"file":"gateway/engine.go:49","level":"info","msg":"new request recved","time":"2018-12-06T10:51:55+08:00"}
{"file":"proxy/proxy.go:100","level":"info","msg":"proxy to /gw/srv2_0","time":"2018-12-06T10:51:55+08:00"}
{"file":"httplog/log.go:50","level":"info","msg":"[Request] 2018/12/06 - 10:51:55 |  0|    3.374593ms | 127.0.0.1:55340 |GET     /gw/srv2","requestForm":{},"responseBody":"","time":"2018-12-06T10:51:55+08:00"}
{"file":"gateway/engine.go:49","level":"info","msg":"new request recved","time":"2018-12-06T10:52:03+08:00"}
{"file":"proxy/proxy.go:100","level":"info","msg":"proxy to /gw/srv2_0","time":"2018-12-06T10:52:03+08:00"}
{"file":"httplog/log.go:50","level":"info","msg":"[Request] 2018/12/06 - 10:52:03 |  0|    2.293093ms | 127.0.0.1:55340 |GET     /gw/srv2","requestForm":{},"responseBody":"","time":"2018-12-06T10:52:03+08:00"}
{"file":"proxy/proxy.go:87","level":"info","msg":"URI /gw/srv1_GET registered","time":"2018-12-06T11:05:21+08:00"}
{"file":"proxy/proxy.go:87","level":"info","msg":"URI /gw/srv2_GET registered","time":"2018-12-06T11:05:21+08:00"}
{"addr":":8989","file":"gateway/engine.go:83","level":"info","msg":"start listening","numPlugins":2,"prefix":"/api/","time":"2018-12-06T11:05:21+08:00"}
{"file":"gateway/engine.go:49","level":"info","msg":"new request recved","time":"2018-12-06T11:05:24+08:00"}
{"file":"proxy/proxy.go:106","level":"info","msg":"proxy to /gw/srv2_0","time":"2018-12-06T11:05:24+08:00"}
{"file":"utils/response.go:13","level":"info","msg":"dial tcp 127.0.0.1:8082: connect: connection refused","time":"2018-12-06T11:05:24+08:00"}
{"file":"httplog/log.go:50","level":"info","msg":"[Request] 2018/12/06 - 11:05:24 |  0|    3.725954ms | 127.0.0.1:55797 |GET     /gw/srv2","requestForm":{},"responseBody":"dial tcp 127.0.0.1:8082: connect: connection refused","time":"2018-12-06T11:05:24+08:00"}
{"file":"gateway/engine.go:49","level":"info","msg":"new request recved","time":"2018-12-06T11:16:35+08:00"}
{"file":"utils/response.go:13","level":"info","msg":"GET / error! tip: Not Found","time":"2018-12-06T11:16:35+08:00"}
{"file":"httplog/log.go:50","level":"info","msg":"[Request] 2018/12/06 - 11:16:35 |  0|     120.125µs | 127.0.0.1:56203 |GET     /","requestForm":{},"responseBody":"GET / error! tip: Not Found","time":"2018-12-06T11:16:35+08:00"}
{"file":"gateway/engine.go:49","level":"info","msg":"new request recved","time":"2018-12-06T11:16:36+08:00"}
{"file":"proxy/proxy.go:106","level":"info","msg":"proxy to /gw/srv1_0","time":"2018-12-06T11:16:36+08:00"}
{"file":"httplog/log.go:50","level":"info","msg":"[Request] 2018/12/06 - 11:16:36 |  0|     2.07074ms | 127.0.0.1:56203 |GET     /gw/srv1","requestForm":{},"responseBody":"{\"data\":\"this is server 1\",\"code\":0}","time":"2018-12-06T11:16:36+08:00"}
{"file":"proxy/proxy.go:87","level":"info","msg":"URI /gw/srv1_GET registered","time":"2018-12-06T14:11:29+08:00"}
{"file":"proxy/proxy.go:87","level":"info","msg":"URI /gw/srv2_GET registered","time":"2018-12-06T14:11:29+08:00"}
{"addr":":8989","file":"gateway/engine.go:83","level":"info","msg":"start listening","numPlugins":2,"prefix":"/api/","time":"2018-12-06T14:11:29+08:00"}
{"file":"proxy/proxy.go:87","level":"info","msg":"URI /gw/srv1_GET registered","time":"2018-12-06T14:16:49+08:00"}
{"file":"proxy/proxy.go:87","level":"info","msg":"URI /gw/srv2_GET registered","time":"2018-12-06T14:16:49+08:00"}
{"addr":":8989","file":"gateway/engine.go:76","level":"info","msg":"start listening","numPlugins":2,"prefix":"/api/","time":"2018-12-06T14:16:49+08:00"}
{"file":"proxy/proxy.go:87","level":"info","msg":"URI /gw/srv1_GET registered","time":"2018-12-06T14:17:18+08:00"}
{"file":"proxy/proxy.go:87","level":"info","msg":"URI /gw/srv2_GET registered","time":"2018-12-06T14:17:18+08:00"}
{"addr":":8989","file":"gateway/engine.go:76","level":"info","msg":"start listening","numPlugins":2,"prefix":"/api/","time":"2018-12-06T14:17:18+08:00"}
{"file":"proxy/proxy.go:87","level":"info","msg":"URI /gw/srv1_GET registered","time":"2018-12-06T14:18:12+08:00"}
{"file":"proxy/proxy.go:87","level":"info","msg":"URI /gw/srv2_GET registered","time":"2018-12-06T14:18:12+08:00"}
{"addr":":8989","file":"gateway/engine.go:76","level":"info","msg":"start listening","numPlugins":2,"prefix":"/api/","time":"2018-12-06T14:18:12+08:00"}
{"file":"gateway/engine.go:49","level":"info","msg":"new request recved","time":"2018-12-06T14:18:38+08:00"}
{"file":"proxy/proxy.go:107","level":"info","msg":"proxy to /gw/srv1_0","time":"2018-12-06T14:18:38+08:00"}
{"file":"utils/response.go:13","level":"info","msg":"dial tcp [::1]:8081: connect: connection refused","time":"2018-12-06T14:18:38+08:00"}
{"file":"httplog/log.go:50","level":"info","msg":"[Request] 2018/12/06 - 14:18:38 |  0|    5.190001ms |     [::1]:59629 |GET     /gw/srv1","requestForm":{},"responseBody":"dial tcp [::1]:8081: connect: connection refused","time":"2018-12-06T14:18:38+08:00"}
{"file":"proxy/proxy.go:87","level":"info","msg":"URI /gw/srv1_GET registered","time":"2018-12-06T14:19:20+08:00"}
{"file":"proxy/proxy.go:87","level":"info","msg":"URI /gw/srv2_GET registered","time":"2018-12-06T14:19:20+08:00"}
{"addr":":8989","file":"gateway/engine.go:76","level":"info","msg":"start listening","numPlugins":2,"prefix":"/proxy/","time":"2018-12-06T14:19:20+08:00"}
{"file":"gateway/engine.go:49","level":"info","msg":"new request recved","time":"2018-12-06T14:19:20+08:00"}
{"file":"proxy/proxy.go:107","level":"info","msg":"proxy to /gw/srv1_0","time":"2018-12-06T14:19:20+08:00"}
{"file":"utils/response.go:13","level":"info","msg":"dial tcp [::1]:8081: connect: connection refused","time":"2018-12-06T14:19:20+08:00"}
{"file":"httplog/log.go:50","level":"info","msg":"[Request] 2018/12/06 - 14:19:20 |  0|    4.023088ms |     [::1]:59646 |GET     /gw/srv1","requestForm":{},"responseBody":"dial tcp [::1]:8081: connect: connection refused","time":"2018-12-06T14:19:20+08:00"}
{"file":"proxy/proxy.go:87","level":"info","msg":"URI /gw/srv1_GET registered","time":"2018-12-06T14:20:04+08:00"}
{"file":"proxy/proxy.go:87","level":"info","msg":"URI /gw/srv2_GET registered","time":"2018-12-06T14:20:04+08:00"}
{"addr":":8989","file":"gateway/engine.go:76","level":"info","msg":"start listening","numPlugins":2,"prefix":"/proxy/","time":"2018-12-06T14:20:04+08:00"}
{"file":"gateway/engine.go:49","level":"info","msg":"new request recved","time":"2018-12-06T14:20:08+08:00"}
{"file":"utils/response.go:13","level":"info","msg":"GET /prefix/gw/srv1 error! tip: Not Found","time":"2018-12-06T14:20:08+08:00"}
{"file":"httplog/log.go:50","level":"info","msg":"[Request] 2018/12/06 - 14:20:08 |  0|     136.348µs |     [::1]:59661 |GET     /prefix/gw/srv1","requestForm":{},"responseBody":"GET /prefix/gw/srv1 error! tip: Not Found","time":"2018-12-06T14:20:08+08:00"}
{"file":"proxy/proxy.go:87","level":"info","msg":"URI /gw/srv1_GET registered","time":"2018-12-06T14:26:49+08:00"}
{"file":"proxy/proxy.go:87","level":"info","msg":"URI /gw/srv2_GET registered","time":"2018-12-06T14:26:49+08:00"}
{"addr":":8989","file":"gateway/engine.go:76","level":"info","msg":"start listening","numPlugins":2,"prefix":"/proxy/","time":"2018-12-06T14:26:49+08:00"}
{"file":"proxy/proxy.go:87","level":"info","msg":"URI /gw/srv1_GET registered","time":"2018-12-06T14:27:13+08:00"}
{"file":"proxy/proxy.go:87","level":"info","msg":"URI /gw/srv2_GET registered","time":"2018-12-06T14:27:13+08:00"}
{"addr":":8989","file":"gateway/engine.go:76","level":"info","msg":"start listening","numPlugins":2,"prefix":"/proxy/","time":"2018-12-06T14:27:13+08:00"}
{"file":"proxy/proxy.go:87","level":"info","msg":"URI /gw/srv1_GET registered","time":"2018-12-06T14:28:53+08:00"}
{"file":"proxy/proxy.go:87","level":"info","msg":"URI /gw/srv2_GET registered","time":"2018-12-06T14:28:53+08:00"}
{"addr":":8989","file":"gateway/engine.go:76","level":"info","msg":"start listening","numPlugins":2,"prefix":"/proxy/","time":"2018-12-06T14:28:53+08:00"}
{"file":"proxy/proxy.go:87","level":"info","msg":"URI /gw/srv1_GET registered","time":"2018-12-06T14:29:21+08:00"}
{"file":"proxy/proxy.go:87","level":"info","msg":"URI /gw/srv2_GET registered","time":"2018-12-06T14:29:21+08:00"}
{"addr":":8989","file":"gateway/engine.go:76","level":"info","msg":"start listening","numPlugins":2,"prefix":"/proxy/","time":"2018-12-06T14:29:21+08:00"}
{"file":"proxy/proxy.go:87","level":"info","msg":"URI /gw/srv1_GET registered","time":"2018-12-06T14:29:32+08:00"}
{"file":"proxy/proxy.go:87","level":"info","msg":"URI /gw/srv2_GET registered","time":"2018-12-06T14:29:32+08:00"}
{"addr":":8989","file":"gateway/engine.go:76","level":"info","msg":"start listening","numPlugins":2,"prefix":"/proxy/","time":"2018-12-06T14:29:32+08:00"}
{"file":"proxy/proxy.go:87","level":"info","msg":"URI /gw/srv1_GET registered","time":"2018-12-06T14:30:14+08:00"}
{"file":"proxy/proxy.go:87","level":"info","msg":"URI /gw/srv2_GET registered","time":"2018-12-06T14:30:14+08:00"}
{"addr":":8989","file":"gateway/engine.go:76","level":"info","msg":"start listening","numPlugins":2,"prefix":"/proxy/","time":"2018-12-06T14:30:14+08:00"}
{"file":"proxy/proxy.go:87","level":"info","msg":"URI /gw/srv1_GET registered","time":"2018-12-06T14:33:32+08:00"}
{"file":"proxy/proxy.go:87","level":"info","msg":"URI /gw/srv2_GET registered","time":"2018-12-06T14:33:32+08:00"}
{"addr":":8989","file":"gateway/engine.go:76","level":"info","msg":"start listening","numPlugins":2,"prefix":"/proxy/","time":"2018-12-06T14:33:32+08:00"}
{"file":"proxy/proxy.go:87","level":"info","msg":"URI /gw/srv1_GET registered","time":"2018-12-06T14:34:39+08:00"}
{"file":"proxy/proxy.go:87","level":"info","msg":"URI /gw/srv2_GET registered","time":"2018-12-06T14:34:39+08:00"}
{"addr":":8989","file":"gateway/engine.go:76","level":"info","msg":"start listening","numPlugins":2,"prefix":"/proxy/","time":"2018-12-06T14:34:39+08:00"}
{"file":"proxy/proxy.go:87","level":"info","msg":"URI /gw/srv1_GET registered","time":"2018-12-06T14:35:16+08:00"}
{"file":"proxy/proxy.go:87","level":"info","msg":"URI /gw/srv2_GET registered","time":"2018-12-06T14:35:16+08:00"}
{"addr":":8989","file":"gateway/engine.go:76","level":"info","msg":"start listening","numPlugins":2,"prefix":"/proxy/","time":"2018-12-06T14:35:16+08:00"}
{"file":"proxy/proxy.go:87","level":"info","msg":"URI /gw/srv1_GET registered","time":"2018-12-06T14:35:41+08:00"}
{"file":"proxy/proxy.go:87","level":"info","msg":"URI /gw/srv2_GET registered","time":"2018-12-06T14:35:41+08:00"}
{"addr":":8989","file":"gateway/engine.go:76","level":"info","msg":"start listening","numPlugins":2,"prefix":"/proxy/","time":"2018-12-06T14:35:41+08:00"}
{"file":"proxy/proxy.go:87","level":"info","msg":"URI /gw/srv1_GET registered","time":"2018-12-06T14:36:49+08:00"}
{"file":"proxy/proxy.go:87","level":"info","msg":"URI /gw/srv2_GET registered","time":"2018-12-06T14:36:49+08:00"}
{"addr":":8989","file":"gateway/engine.go:76","level":"info","msg":"start listening","numPlugins":2,"prefix":"/proxy/","time":"2018-12-06T14:36:49+08:00"}
{"file":"web/web.go:40","level":"info","msg":"/html/p1","time":"2018-12-06T14:37:20+08:00"}
{"file":"web/web.go:40","level":"info","msg":"/html/p2","time":"2018-12-06T14:37:23+08:00"}
{"file":"proxy/proxy.go:87","level":"info","msg":"URI /gw/srv1_GET registered","time":"2018-12-06T14:37:53+08:00"}
{"file":"proxy/proxy.go:87","level":"info","msg":"URI /gw/srv2_GET registered","time":"2018-12-06T14:37:53+08:00"}
{"addr":":8989","file":"gateway/engine.go:76","level":"info","msg":"start listening","numPlugins":2,"prefix":"/proxy/","time":"2018-12-06T14:37:53+08:00"}
{"file":"web/web.go:41","level":"info","msg":"/html/p2","time":"2018-12-06T14:37:56+08:00"}
{"file":"web/web.go:41","level":"info","msg":"/html/p1","time":"2018-12-06T14:37:58+08:00"}
{"file":"web/web.go:41","level":"info","msg":"/html/","time":"2018-12-06T14:38:07+08:00"}
{"file":"proxy/proxy.go:87","level":"info","msg":"URI /gw/srv1_GET registered","time":"2018-12-06T14:38:39+08:00"}
{"file":"proxy/proxy.go:87","level":"info","msg":"URI /gw/srv2_GET registered","time":"2018-12-06T14:38:39+08:00"}
{"addr":":8989","file":"gateway/engine.go:76","level":"info","msg":"start listening","numPlugins":2,"prefix":"/proxy/","time":"2018-12-06T14:38:39+08:00"}
{"file":"web/web.go:41","level":"info","msg":"/html/","time":"2018-12-06T14:38:40+08:00"}
{"file":"web/web.go:41","level":"info","msg":"/html/","time":"2018-12-06T14:38:43+08:00"}
{"file":"web/web.go:41","level":"info","msg":"/html/p1","time":"2018-12-06T14:38:50+08:00"}
{"file":"web/web.go:41","level":"info","msg":"/html/","time":"2018-12-06T14:39:37+08:00"}
{"file":"web/web.go:41","level":"info","msg":"/html/p1","time":"2018-12-06T14:39:42+08:00"}
{"file":"proxy/proxy.go:87","level":"info","msg":"URI /gw/srv1_GET registered","time":"2018-12-06T14:50:04+08:00"}
{"file":"proxy/proxy.go:87","level":"info","msg":"URI /gw/srv2_GET registered","time":"2018-12-06T14:50:04+08:00"}
{"addr":":8989","file":"gateway/engine.go:76","level":"info","msg":"start listening","numPlugins":2,"prefix":"/proxy/","time":"2018-12-06T14:50:04+08:00"}
{"file":"web/web.go:41","level":"info","msg":"/html/p1","time":"2018-12-06T14:50:07+08:00"}
{"file":"web/web.go:41","level":"info","msg":"/html/p1","time":"2018-12-06T14:50:10+08:00"}
{"file":"web/web.go:41","level":"info","msg":"/html/","time":"2018-12-06T14:50:19+08:00"}
{"file":"web/web.go:41","level":"info","msg":"/html/","time":"2018-12-06T14:50:19+08:00"}
{"file":"web/web.go:41","level":"info","msg":"/html/","time":"2018-12-06T14:51:28+08:00"}
{"file":"web/web.go:41","level":"info","msg":"/html/","time":"2018-12-06T14:53:22+08:00"}
{"file":"web/web.go:41","level":"info","msg":"/html/","time":"2018-12-06T14:54:23+08:00"}
{"file":"web/web.go:41","level":"info","msg":"/html/","time":"2018-12-06T14:54:56+08:00"}
{"file":"web/web.go:41","level":"info","msg":"/html/","time":"2018-12-06T14:55:47+08:00"}
{"file":"web/web.go:41","level":"info","msg":"/html/","time":"2018-12-06T14:55:49+08:00"}
{"file":"web/web.go:41","level":"info","msg":"/html/p1","time":"2018-12-06T14:55:50+08:00"}
{"file":"web/web.go:41","level":"info","msg":"/html/","time":"2018-12-06T14:56:44+08:00"}
{"file":"web/web.go:41","level":"info","msg":"/html/","time":"2018-12-06T14:57:26+08:00"}
{"file":"web/web.go:41","level":"info","msg":"/html/","time":"2018-12-06T14:59:02+08:00"}
{"file":"web/web.go:41","level":"info","msg":"/html/.../100px180/","time":"2018-12-06T14:59:02+08:00"}
{"file":"web/web.go:41","level":"info","msg":"/html/","time":"2018-12-06T14:59:33+08:00"}
{"file":"web/web.go:41","level":"info","msg":"/html/.../100px180/","time":"2018-12-06T14:59:33+08:00"}
{"file":"web/web.go:41","level":"info","msg":"/html/","time":"2018-12-06T14:59:55+08:00"}
{"file":"web/web.go:41","level":"info","msg":"/html/.../100px180/","time":"2018-12-06T14:59:55+08:00"}
{"file":"web/web.go:41","level":"info","msg":"/html/.../100px180/","time":"2018-12-06T14:59:55+08:00"}
{"file":"web/web.go:41","level":"info","msg":"/html/","time":"2018-12-06T15:00:35+08:00"}
{"file":"web/web.go:41","level":"info","msg":"/html/.../100px180/","time":"2018-12-06T15:00:35+08:00"}
{"file":"web/web.go:41","level":"info","msg":"/html/.../100px180/","time":"2018-12-06T15:00:35+08:00"}
{"file":"web/web.go:41","level":"info","msg":"/html/","time":"2018-12-06T15:02:02+08:00"}
{"file":"web/web.go:41","level":"info","msg":"/html/.../100px180/","time":"2018-12-06T15:02:02+08:00"}
{"file":"web/web.go:41","level":"info","msg":"/html/proxy","time":"2018-12-06T15:02:04+08:00"}
{"file":"web/web.go:41","level":"info","msg":"/html/cache","time":"2018-12-06T15:02:05+08:00"}
{"file":"web/web.go:41","level":"info","msg":"/html/acl","time":"2018-12-06T15:02:06+08:00"}
{"file":"web/web.go:41","level":"info","msg":"/html/acl","time":"2018-12-06T15:02:43+08:00"}
{"file":"web/web.go:41","level":"info","msg":"/html/acl","time":"2018-12-06T15:02:46+08:00"}
{"file":"web/web.go:41","level":"info","msg":"/html/acl","time":"2018-12-06T15:03:04+08:00"}
{"file":"web/web.go:41","level":"info","msg":"/html/acl","time":"2018-12-06T15:03:11+08:00"}
{"file":"web/web.go:41","level":"info","msg":"/html/acl","time":"2018-12-06T15:03:17+08:00"}
{"file":"web/web.go:41","level":"info","msg":"/html/acl","time":"2018-12-06T15:03:24+08:00"}
{"file":"web/web.go:41","level":"info","msg":"/html/","time":"2018-12-06T15:03:31+08:00"}
{"file":"web/web.go:41","level":"info","msg":"/html/","time":"2018-12-06T15:03:39+08:00"}
{"file":"web/web.go:41","level":"info","msg":"/html/","time":"2018-12-06T15:04:56+08:00"}
{"file":"web/web.go:41","level":"info","msg":"/html/","time":"2018-12-06T15:04:58+08:00"}
{"file":"web/web.go:41","level":"info","msg":"/html/","time":"2018-12-06T15:06:11+08:00"}
{"file":"web/web.go:41","level":"info","msg":"/html/","time":"2018-12-06T15:06:12+08:00"}
{"file":"web/web.go:41","level":"info","msg":"/html/","time":"2018-12-06T15:06:15+08:00"}
{"file":"web/web.go:41","level":"info","msg":"/html/proxy","time":"2018-12-06T15:06:18+08:00"}
{"file":"web/web.go:41","level":"info","msg":"/html/cache","time":"2018-12-06T15:06:32+08:00"}
{"file":"web/web.go:41","level":"info","msg":"/html/acl","time":"2018-12-06T15:06:33+08:00"}
{"file":"web/web.go:41","level":"info","msg":"/html/acl","time":"2018-12-06T15:06:39+08:00"}
{"file":"web/web.go:41","level":"info","msg":"/html/","time":"2018-12-06T15:06:40+08:00"}
{"file":"web/web.go:41","level":"info","msg":"/html/p1","time":"2018-12-06T15:06:40+08:00"}
{"file":"web/web.go:41","level":"info","msg":"/html/p1","time":"2018-12-06T15:06:40+08:00"}
{"file":"web/web.go:41","level":"info","msg":"/html/proxy","time":"2018-12-06T15:07:21+08:00"}
{"file":"proxy/proxy.go:87","level":"info","msg":"URI /gw/srv1_GET registered","time":"2018-12-06T15:08:55+08:00"}
{"file":"proxy/proxy.go:87","level":"info","msg":"URI /gw/srv2_GET registered","time":"2018-12-06T15:08:55+08:00"}
{"addr":":8989","file":"gateway/engine.go:75","level":"info","msg":"start listening","numPlugins":2,"prefix":"/proxy/","time":"2018-12-06T15:08:55+08:00"}
{"file":"gateway/web.go:41","level":"info","msg":"/html/proxy","time":"2018-12-06T15:08:55+08:00"}
{"file":"gateway/web.go:41","level":"info","msg":"/html/proxy","time":"2018-12-06T15:10:01+08:00"}
{"file":"gateway/web.go:41","level":"info","msg":"/html/proxy","time":"2018-12-06T15:10:28+08:00"}
{"file":"gateway/web.go:41","level":"info","msg":"/html/proxy","time":"2018-12-06T15:10:41+08:00"}
{"file":"gateway/web.go:41","level":"info","msg":"/html/proxy","time":"2018-12-06T15:11:14+08:00"}
{"file":"gateway/web.go:41","level":"info","msg":"/html/proxy","time":"2018-12-06T15:11:25+08:00"}
{"file":"gateway/web.go:41","level":"info","msg":"/html/proxy","time":"2018-12-06T15:11:31+08:00"}
{"file":"gateway/web.go:41","level":"info","msg":"/html/proxy","time":"2018-12-06T15:11:37+08:00"}
{"file":"gateway/web.go:41","level":"info","msg":"/html/proxy","time":"2018-12-06T15:11:48+08:00"}
{"file":"gateway/web.go:41","level":"info","msg":"/html/proxy","time":"2018-12-06T15:12:15+08:00"}
{"file":"gateway/web.go:41","level":"info","msg":"/html/proxy","time":"2018-12-06T15:13:07+08:00"}
{"file":"gateway/web.go:41","level":"info","msg":"/html/proxy","time":"2018-12-06T15:13:16+08:00"}
{"file":"gateway/web.go:41","level":"info","msg":"/html/proxy","time":"2018-12-06T15:13:39+08:00"}
{"file":"gateway/web.go:41","level":"info","msg":"/html/proxy","time":"2018-12-06T15:14:01+08:00"}
{"file":"gateway/web.go:41","level":"info","msg":"/html/proxy","time":"2018-12-06T15:14:21+08:00"}
{"file":"gateway/web.go:41","level":"info","msg":"/html/proxy","time":"2018-12-06T15:14:27+08:00"}
{"file":"gateway/web.go:41","level":"info","msg":"/html/proxy","time":"2018-12-06T15:14:36+08:00"}
{"file":"gateway/web.go:41","level":"info","msg":"/html/proxy","time":"2018-12-06T15:15:44+08:00"}
{"file":"gateway/web.go:41","level":"info","msg":"/html/proxy","time":"2018-12-06T15:17:35+08:00"}
